07-20-2019 @ 11:23:50 - ====Start Log July 20, 2019 11:23am====
Retrieving Merchant
====End Log July 20, 2019 11:23am (0.02)====


07-20-2019 @ 11:23:52 - ====Start Log July 20, 2019 11:23am====
Retrieve Business Locations
====End Log July 20, 2019 11:23am (0.03)====


07-20-2019 @ 11:25:05 - ====Start Log July 20, 2019 11:25am====
Retrieve Business Locations
====End Log July 20, 2019 11:25am (0.03)====


07-20-2019 @ 11:59:59 - ====Start Log July 20, 2019 11:59am====
Getting All Square Inventory
====End Log July 20, 2019 11:59am (0.03)====


07-20-2019 @ 13:00:00 - ====Start Log July 20, 2019 12:59pm====
Getting All Square Inventory
====End Log July 20, 2019 1:00pm (0.03)====


07-20-2019 @ 14:00:00 - ====Start Log July 20, 2019 1:59pm====
Getting All Square Inventory
====End Log July 20, 2019 2:00pm (0.03)====


07-20-2019 @ 15:00:00 - ====Start Log July 20, 2019 2:59pm====
Getting All Square Inventory
====End Log July 20, 2019 3:00pm (0.02)====


07-20-2019 @ 16:09:34 - ====Start Log July 20, 2019 4:09pm====
Getting All Square Inventory
====End Log July 20, 2019 4:09pm (0.03)====


